Using pre-set license
Built from '2021.3/staging' branch; Version is '2021.3.4f1 (cb45f9cae8b7) revision 13321721'; Using compiler version '192829333'; Build Type 'Release'
OS: 'Windows 10  (10.0.19043) 64bit Professional' Language: 'uk' Physical Memory: 8072 MB
BatchMode: 1, IsHumanControllingUs: 0, StartBugReporterOnCrash: 0, Is64bit: 1, IsPro: 1

COMMAND LINE ARGUMENTS:
C:\Program Files\Unity\Hub\Editor\2021.3.4f1\Editor\Unity.exe
-adb2
-batchMode
-noUpm
-name
AssetImportWorker1
-projectPath
C:/Users/GSM-service/Downloads/Game1234
-logFile
Logs/AssetImportWorker1.log
-srvPort
61813
Successfully changed project path to: C:/Users/GSM-service/Downloads/Game1234
C:/Users/GSM-service/Downloads/Game1234
[UnityMemory] Configuration Parameters - Can be set up in boot.config
    "memorysetup-bucket-allocator-granularity=16"
    "memorysetup-bucket-allocator-bucket-count=8"
    "memorysetup-bucket-allocator-block-size=33554432"
    "memorysetup-bucket-allocator-block-count=8"
    "memorysetup-main-allocator-block-size=16777216"
    "memorysetup-thread-allocator-block-size=16777216"
    "memorysetup-gfx-main-allocator-block-size=16777216"
    "memorysetup-gfx-thread-allocator-block-size=16777216"
    "memorysetup-cache-allocator-block-size=4194304"
    "memorysetup-typetree-allocator-block-size=2097152"
    "memorysetup-profiler-bucket-allocator-granularity=16"
    "memorysetup-profiler-bucket-allocator-bucket-count=8"
    "memorysetup-profiler-bucket-allocator-block-size=33554432"
    "memorysetup-profiler-bucket-allocator-block-count=8"
    "memorysetup-profiler-allocator-block-size=16777216"
    "memorysetup-profiler-editor-allocator-block-size=1048576"
    "memorysetup-temp-allocator-size-main=16777216"
    "memorysetup-job-temp-allocator-block-size=2097152"
    "memorysetup-job-temp-allocator-block-size-background=1048576"
    "memorysetup-job-temp-allocator-reduction-small-platforms=262144"
    "memorysetup-temp-allocator-size-background-worker=32768"
    "memorysetup-temp-allocator-size-job-worker=262144"
    "memorysetup-temp-allocator-size-preload-manager=33554432"
    "memorysetup-temp-allocator-size-nav-mesh-worker=65536"
    "memorysetup-temp-allocator-size-audio-worker=65536"
    "memorysetup-temp-allocator-size-cloud-worker=32768"
    "memorysetup-temp-allocator-size-gi-baking-worker=262144"
    "memorysetup-temp-allocator-size-gfx=262144"
Refreshing native plugins compatible for Editor in 60.59 ms, found 2 plugins.
Preloading 0 native plugins for Editor in 0.00 ms.
Initialize engine version: 2021.3.4f1 (cb45f9cae8b7)
[Subsystems] Discovering subsystems at path C:/Program Files/Unity/Hub/Editor/2021.3.4f1/Editor/Data/Resources/UnitySubsystems
[Subsystems] Discovering subsystems at path C:/Users/GSM-service/Downloads/Game1234/Assets
GfxDevice: creating device client; threaded=0; jobified=0
Direct3D:
    Version:  Direct3D 11.0 [level 11.1]
    Renderer: NVIDIA GeForce MX230 (ID=0x1d11)
    Vendor:   NVIDIA
    VRAM:     1984 MB
    Driver:   27.21.14.5749
Initialize mono
Mono path[0] = 'C:/Program Files/Unity/Hub/Editor/2021.3.4f1/Editor/Data/Managed'
Mono path[1] = 'C:/Program Files/Unity/Hub/Editor/2021.3.4f1/Editor/Data/MonoBleedingEdge/lib/mono/unityjit-win32'
Mono config path = 'C:/Program Files/Unity/Hub/Editor/2021.3.4f1/Editor/Data/MonoBleedingEdge/etc'
Using monoOptions --debugger-agent=transport=dt_socket,embedding=1,server=y,suspend=n,address=127.0.0.1:56360
Begin MonoManager ReloadAssembly
Registering precompiled unity dll's ...
Register platform support module: C:/Program Files/Unity/Hub/Editor/2021.3.4f1/Editor/Data/PlaybackEngines/AndroidPlayer/UnityEditor.Android.Extensions.dll
Register platform support module: C:/Program Files/Unity/Hub/Editor/2021.3.4f1/Editor/Data/PlaybackEngines/WindowsStandaloneSupport/UnityEditor.WindowsStandalone.Extensions.dll
Registered in 0.012349 seconds.
Native extension for WindowsStandalone target not found
Native extension for Android target not found
Refreshing native plugins compatible for Editor in 73.84 ms, found 2 plugins.
Preloading 0 native plugins for Editor in 0.00 ms.
Mono: successfully reloaded assembly
- Completed reload, in  1.083 seconds
Domain Reload Profiling:
	ReloadAssembly (1085ms)
		BeginReloadAssembly (131ms)
			ExecutionOrderSort (0ms)
			DisableScriptedObjects (0ms)
			BackupInstance (0ms)
			ReleaseScriptingObjects (0ms)
			CreateAndSetChildDomain (1ms)
		EndReloadAssembly (756ms)
			LoadAssemblies (125ms)
			RebuildTransferFunctionScriptingTraits (0ms)
			SetupTypeCache (205ms)
			ReleaseScriptCaches (0ms)
			RebuildScriptCaches (52ms)
			SetupLoadedEditorAssemblies (416ms)
				LogAssemblyErrors (0ms)
				InitializePlatformSupportModulesInManaged (106ms)
				SetLoadedEditorAssemblies (0ms)
				RefreshPlugins (74ms)
				BeforeProcessingInitializeOnLoad (2ms)
				ProcessInitializeOnLoadAttributes (160ms)
				ProcessInitializeOnLoadMethodAttributes (73ms)
				AfterProcessingInitializeOnLoad (0ms)
				EditorAssembliesLoaded (0ms)
			ExecutionOrderSort2 (0ms)
			AwakeInstancesAfterBackupRestoration (0ms)
Platform modules already initialized, skipping
Registering precompiled user dll's ...
Registered in 0.004100 seconds.
Begin MonoManager ReloadAssembly
Native extension for WindowsStandalone target not found
Native extension for Android target not found
Refreshing native plugins compatible for Editor in 0.89 ms, found 2 plugins.
Preloading 0 native plugins for Editor in 0.00 ms.
Mono: successfully reloaded assembly
- Completed reload, in  1.688 seconds
Domain Reload Profiling:
	ReloadAssembly (1689ms)
		BeginReloadAssembly (350ms)
			ExecutionOrderSort (0ms)
			DisableScriptedObjects (8ms)
			BackupInstance (0ms)
			ReleaseScriptingObjects (0ms)
			CreateAndSetChildDomain (165ms)
		EndReloadAssembly (1095ms)
			LoadAssemblies (136ms)
			RebuildTransferFunctionScriptingTraits (0ms)
			SetupTypeCache (318ms)
			ReleaseScriptCaches (1ms)
			RebuildScriptCaches (76ms)
			SetupLoadedEditorAssemblies (532ms)
				LogAssemblyErrors (0ms)
				InitializePlatformSupportModulesInManaged (20ms)
				SetLoadedEditorAssemblies (1ms)
				RefreshPlugins (1ms)
				BeforeProcessingInitializeOnLoad (98ms)
				ProcessInitializeOnLoadAttributes (341ms)
				ProcessInitializeOnLoadMethodAttributes (57ms)
				AfterProcessingInitializeOnLoad (13ms)
				EditorAssembliesLoaded (0ms)
			ExecutionOrderSort2 (0ms)
			AwakeInstancesAfterBackupRestoration (8ms)
Platform modules already initialized, skipping
========================================================================
Worker process is ready to serve import requests
Launched and connected shader compiler UnityShaderCompiler.exe after 0.27 seconds
Refreshing native plugins compatible for Editor in 1.15 ms, found 2 plugins.
Preloading 0 native plugins for Editor in 0.00 ms.
Unloading 1804 Unused Serialized files (Serialized files now loaded: 0)
Unloading 22 unused Assets / (32.3 KB). Loaded Objects now: 2302.
Memory consumption went from 97.4 MB to 97.4 MB.
Total: 4.857200 ms (FindLiveObjects: 0.241500 ms CreateObjectMapping: 0.107600 ms MarkObjects: 4.472700 ms  DeleteObjects: 0.034000 ms)

AssetImportParameters requested are different than current active one (requested -> active):
  custom:video-decoder-ogg-theora: a1e56fd34408186e4bbccfd4996cb3dc -> 
  custom:container-muxer-webm: aa71ff27fc2769a1b78a27578f13a17b -> 
  custom:container-demuxer-webm: 4f35f7cbe854078d1ac9338744f61a02 -> 
  custom:video-encoder-webm-vp8: eb34c28f22e8b96e1ab97ce403110664 -> 
  custom:audio-encoder-webm-vorbis: bf7c407c2cedff20999df2af8eb42d56 -> 
  custom:framework-win-MediaFoundation: 216162199b28c13a410421893ffa2e32 -> 
  custom:container-demuxer-ogg: 62fdf1f143b41e24485cea50d1cbac27 -> 
  custom:video-decoder-webm-vp8: 9c59270c3fd7afecdb556c50c9e8de78 -> 
  custom:audio-decoder-ogg-vorbis: bf7c407c2cedff20999df2af8eb42d56 -> 
========================================================================
Received Import Request.
  Time since last request: 257060.806317 seconds.
  path: Assets/Resources/Textures/123456.png
  artifactKey: Guid(bf32b994a6e8cf242bb0bf3e379cf80f) Importer(815301076,1909f56bfc062723c751e8b465ee728b)
Start importing Assets/Resources/Textures/123456.png using Guid(bf32b994a6e8cf242bb0bf3e379cf80f) Importer(815301076,1909f56bfc062723c751e8b465ee728b)  -> (artifact id: 'b498d9116a6820c4a482caf4abc3ec21') in 0.158617 seconds 
========================================================================
Received Import Request.
  Time since last request: 0.000039 seconds.
  path: Assets/Resources/Textures/Black.png
  artifactKey: Guid(8b93a8c1b861c3c47ad7191fd2dc58a4) Importer(815301076,1909f56bfc062723c751e8b465ee728b)
Start importing Assets/Resources/Textures/Black.png using Guid(8b93a8c1b861c3c47ad7191fd2dc58a4) Importer(815301076,1909f56bfc062723c751e8b465ee728b)  -> (artifact id: '9df7c4333b429d61d2742318d89e6531') in 0.034995 seconds 
========================================================================
Received Import Request.
  Time since last request: 0.000048 seconds.
  path: Assets/Resources/Textures/monkeyGif.gif
  artifactKey: Guid(4810dc2972eb37b498730da2c0d0734c) Importer(815301076,1909f56bfc062723c751e8b465ee728b)
Start importing Assets/Resources/Textures/monkeyGif.gif using Guid(4810dc2972eb37b498730da2c0d0734c) Importer(815301076,1909f56bfc062723c751e8b465ee728b)  -> (artifact id: 'aef236722fbee823f2e4d37685263876') in 0.081716 seconds 
========================================================================
Received Import Request.
  Time since last request: 0.000060 seconds.
  path: Assets/Resources/Textures/SpellInterface.png
  artifactKey: Guid(b1c40dfc19f406a4d8f7fb4d8f5d4aee) Importer(815301076,1909f56bfc062723c751e8b465ee728b)
Start importing Assets/Resources/Textures/SpellInterface.png using Guid(b1c40dfc19f406a4d8f7fb4d8f5d4aee) Importer(815301076,1909f56bfc062723c751e8b465ee728b)  -> (artifact id: 'd4c190ed4fae00cf3e09ec1a6459190a') in 0.080809 seconds 
========================================================================
Received Import Request.
  Time since last request: 0.000034 seconds.
  path: Assets/Resources/Textures/19ba32a65698a6b879ae0cff5dcf503b.png
  artifactKey: Guid(49d11a1c1c5fd204fa41530483dc614f) Importer(815301076,1909f56bfc062723c751e8b465ee728b)
Start importing Assets/Resources/Textures/19ba32a65698a6b879ae0cff5dcf503b.png using Guid(49d11a1c1c5fd204fa41530483dc614f) Importer(815301076,1909f56bfc062723c751e8b465ee728b)  -> (artifact id: '8d46f03ae064bd275ad21c121926d828') in 0.559783 seconds 
========================================================================
Received Import Request.
  Time since last request: 0.000041 seconds.
  path: Assets/Resources/Textures/e.png
  artifactKey: Guid(936e548019165164ca34a6d4b9fc35fb) Importer(815301076,1909f56bfc062723c751e8b465ee728b)
Start importing Assets/Resources/Textures/e.png using Guid(936e548019165164ca34a6d4b9fc35fb) Importer(815301076,1909f56bfc062723c751e8b465ee728b)  -> (artifact id: 'c292b9f43b272f775d9fe1ae2ade9c28') in 0.037889 seconds 
========================================================================
Received Import Request.
  Time since last request: 0.000078 seconds.
  path: Assets/Resources/Textures/Block4.png
  artifactKey: Guid(b0e4a7faf4853d14fb24741a374ac020) Importer(815301076,1909f56bfc062723c751e8b465ee728b)
Start importing Assets/Resources/Textures/Block4.png using Guid(b0e4a7faf4853d14fb24741a374ac020) Importer(815301076,1909f56bfc062723c751e8b465ee728b)  -> (artifact id: '48d0d65c9a0f2073f48cb7919ecf213c') in 0.033906 seconds 
========================================================================
Received Import Request.
  Time since last request: 0.000037 seconds.
  path: Assets/Resources/Textures/цук.png
  artifactKey: Guid(89334b28669dd2a4e957e97a08e8c2a7) Importer(815301076,1909f56bfc062723c751e8b465ee728b)
Start importing Assets/Resources/Textures/цук.png using Guid(89334b28669dd2a4e957e97a08e8c2a7) Importer(815301076,1909f56bfc062723c751e8b465ee728b)  -> (artifact id: '8ad0dbe489ded5ae015dd66111c7e71b') in 0.111156 seconds 
========================================================================
Received Import Request.
  Time since last request: 0.000035 seconds.
  path: Assets/Resources/Textures/dota-2-secret-shop 1.png
  artifactKey: Guid(71b150016806d5e4493cd2abba117052) Importer(815301076,1909f56bfc062723c751e8b465ee728b)
Start importing Assets/Resources/Textures/dota-2-secret-shop 1.png using Guid(71b150016806d5e4493cd2abba117052) Importer(815301076,1909f56bfc062723c751e8b465ee728b)  -> (artifact id: '7cb44f09b2b713f6851b003173cc7d02') in 0.057266 seconds 
========================================================================
Received Import Request.
  Time since last request: 0.000045 seconds.
  path: Assets/Resources/Textures/Arc_Lightning_icon.png
  artifactKey: Guid(ede581dd25dd66448960d8e6342991bc) Importer(815301076,1909f56bfc062723c751e8b465ee728b)
Start importing Assets/Resources/Textures/Arc_Lightning_icon.png using Guid(ede581dd25dd66448960d8e6342991bc) Importer(815301076,1909f56bfc062723c751e8b465ee728b)  -> (artifact id: '9406b39a980ade98ef377df3b6aa5c3e') in 0.039779 seconds 
========================================================================
Received Import Request.
  Time since last request: 0.000039 seconds.
  path: Assets/Resources/Textures/1511013665187044943.png
  artifactKey: Guid(031bfb9a2dfbc224c93d35b26a28c785) Importer(815301076,1909f56bfc062723c751e8b465ee728b)
Start importing Assets/Resources/Textures/1511013665187044943.png using Guid(031bfb9a2dfbc224c93d35b26a28c785) Importer(815301076,1909f56bfc062723c751e8b465ee728b)  -> (artifact id: 'f4c9f41bdf591771cb5bafedbeca25b9') in 0.033617 seconds 
========================================================================
Received Import Request.
  Time since last request: 0.000077 seconds.
  path: Assets/Resources/Textures/bayraktar-00-696x392.jpg
  artifactKey: Guid(696d5af911ab14f4c9dca3f56d4a0677) Importer(815301076,1909f56bfc062723c751e8b465ee728b)
Start importing Assets/Resources/Textures/bayraktar-00-696x392.jpg using Guid(696d5af911ab14f4c9dca3f56d4a0677) Importer(815301076,1909f56bfc062723c751e8b465ee728b)  -> (artifact id: 'c1bbe6fd4eafd51b9ed6f5971097a9d8') in 0.070893 seconds 
========================================================================
Received Import Request.
  Time since last request: 0.000025 seconds.
  path: Assets/Resources/Textures/8fe105d81b637623d9acaaf38b200082.png
  artifactKey: Guid(1a87f9035bfd4904f8a5ec382acee4be) Importer(815301076,1909f56bfc062723c751e8b465ee728b)
Start importing Assets/Resources/Textures/8fe105d81b637623d9acaaf38b200082.png using Guid(1a87f9035bfd4904f8a5ec382acee4be) Importer(815301076,1909f56bfc062723c751e8b465ee728b)  -> (artifact id: '16c59c107fbef6366783d664202b07de') in 0.097092 seconds 
========================================================================
Received Import Request.
  Time since last request: 0.000034 seconds.
  path: Assets/Resources/Textures/Fireball_icon.png
  artifactKey: Guid(dab3ce9189611c04398d4ae829c49419) Importer(815301076,1909f56bfc062723c751e8b465ee728b)
Start importing Assets/Resources/Textures/Fireball_icon.png using Guid(dab3ce9189611c04398d4ae829c49419) Importer(815301076,1909f56bfc062723c751e8b465ee728b)  -> (artifact id: 'b98565f34c64bafd122c6d4cf817bc72') in 0.032823 seconds 
========================================================================
Received Import Request.
  Time since last request: 0.000051 seconds.
  path: Assets/Resources/Textures/f.png
  artifactKey: Guid(a58105ab8000deb49a21c6bcbfd17d8c) Importer(815301076,1909f56bfc062723c751e8b465ee728b)
Start importing Assets/Resources/Textures/f.png using Guid(a58105ab8000deb49a21c6bcbfd17d8c) Importer(815301076,1909f56bfc062723c751e8b465ee728b)  -> (artifact id: '437017509843e5dfd8f46fb24def21ba') in 0.032733 seconds 
========================================================================
Received Import Request.
  Time since last request: 0.000024 seconds.
  path: Assets/Resources/Textures/shadow.png
  artifactKey: Guid(e7099694a288a2d40b5eb146a24db12e) Importer(815301076,1909f56bfc062723c751e8b465ee728b)
Start importing Assets/Resources/Textures/shadow.png using Guid(e7099694a288a2d40b5eb146a24db12e) Importer(815301076,1909f56bfc062723c751e8b465ee728b)  -> (artifact id: 'dcd66d89a5bd8afbf47a08ac46dca169') in 0.041169 seconds 
========================================================================
Received Import Request.
  Time since last request: 0.000033 seconds.
  path: Assets/Resources/Textures/Block7.png
  artifactKey: Guid(6f34e8a2b86a77b4b9e781357c607f12) Importer(815301076,1909f56bfc062723c751e8b465ee728b)
Start importing Assets/Resources/Textures/Block7.png using Guid(6f34e8a2b86a77b4b9e781357c607f12) Importer(815301076,1909f56bfc062723c751e8b465ee728b)  -> (artifact id: '356f6e6a34e268ab7bb1e444e41ab699') in 0.034161 seconds 
========================================================================
Received Import Request.
  Time since last request: 0.000038 seconds.
  path: Assets/Resources/Textures/Door2.png
  artifactKey: Guid(27bc5a5c51364db4fbeb20fa93959179) Importer(815301076,1909f56bfc062723c751e8b465ee728b)
Start importing Assets/Resources/Textures/Door2.png using Guid(27bc5a5c51364db4fbeb20fa93959179) Importer(815301076,1909f56bfc062723c751e8b465ee728b)  -> (artifact id: '58f2c5cee9b41eda325c8d367392de97') in 0.030766 seconds 
========================================================================
Received Import Request.
  Time since last request: 0.000051 seconds.
  path: Assets/Resources/Textures/this-megumin-logo-label-text-symbol-trademark-transparent-png-2898750.png
  artifactKey: Guid(f63c23937804a2f4c91bf207c887144d) Importer(815301076,1909f56bfc062723c751e8b465ee728b)
Start importing Assets/Resources/Textures/this-megumin-logo-label-text-symbol-trademark-transparent-png-2898750.png using Guid(f63c23937804a2f4c91bf207c887144d) Importer(815301076,1909f56bfc062723c751e8b465ee728b)  -> (artifact id: '154887e6b5f29ddffc9d4a8187e20dfc') in 0.106907 seconds 
========================================================================
Received Import Request.
  Time since last request: 0.000061 seconds.
  path: Assets/Resources/Prefab/Archer.prefab
  artifactKey: Guid(be462b4dfb309d74faec1d06a67432cd) Importer(815301076,1909f56bfc062723c751e8b465ee728b)
Start importing Assets/Resources/Prefab/Archer.prefab using Guid(be462b4dfb309d74faec1d06a67432cd) Importer(815301076,1909f56bfc062723c751e8b465ee728b)  -> (artifact id: '12f236a81cc7dc7ceea355c3e4acec08') in 0.113704 seconds 
========================================================================
Received Import Request.
  Time since last request: 0.000060 seconds.
  path: Assets/Resources/Prefab/Fire.prefab
  artifactKey: Guid(a369b14db78aec24a8184f2fbea3e5e6) Importer(815301076,1909f56bfc062723c751e8b465ee728b)
Start importing Assets/Resources/Prefab/Fire.prefab using Guid(a369b14db78aec24a8184f2fbea3e5e6) Importer(815301076,1909f56bfc062723c751e8b465ee728b)  -> (artifact id: 'e68bc1015868d3fb37ce1b9d6419475c') in 0.032351 seconds 
========================================================================
Received Import Request.
  Time since last request: 0.000029 seconds.
  path: Assets/Resources/Textures/Gregory.png
  artifactKey: Guid(e2bd08a35052ca549b679923050bf50e) Importer(815301076,1909f56bfc062723c751e8b465ee728b)
Start importing Assets/Resources/Textures/Gregory.png using Guid(e2bd08a35052ca549b679923050bf50e) Importer(815301076,1909f56bfc062723c751e8b465ee728b)  -> (artifact id: '688650fa8e3fe1626bdc43be85e33bf4') in 0.046433 seconds 
========================================================================
Received Import Request.
  Time since last request: 0.000037 seconds.
  path: Assets/Resources/Textures/cc1a12c4c0e3cae303e0a1250393a88b.png
  artifactKey: Guid(d6b1598cc7b18344f9f931e192913573) Importer(815301076,1909f56bfc062723c751e8b465ee728b)
Start importing Assets/Resources/Textures/cc1a12c4c0e3cae303e0a1250393a88b.png using Guid(d6b1598cc7b18344f9f931e192913573) Importer(815301076,1909f56bfc062723c751e8b465ee728b)  -> (artifact id: 'fdf46c3a0c367585b75736263f3c5f35') in 0.041277 seconds 
========================================================================
Received Import Request.
  Time since last request: 0.000037 seconds.
  path: Assets/Resources/Textures/megumin_kono_subarashii_sekai_ni_shukufuku_wo_and_uchi_no_hime_sama_ga_ichiban_kawaii__cafe24e947a0ff3592f2f13f96b81449.png
  artifactKey: Guid(05f654444c576634d8c90a690c241730) Importer(815301076,1909f56bfc062723c751e8b465ee728b)
Start importing Assets/Resources/Textures/megumin_kono_subarashii_sekai_ni_shukufuku_wo_and_uchi_no_hime_sama_ga_ichiban_kawaii__cafe24e947a0ff3592f2f13f96b81449.png using Guid(05f654444c576634d8c90a690c241730) Importer(815301076,1909f56bfc062723c751e8b465ee728b)  -> (artifact id: '1b8c35ba5f7d86f5e23fe4dde5fbe3ab') in 0.112665 seconds 
========================================================================
Received Import Request.
  Time since last request: 0.000056 seconds.
  path: Assets/Resources/Textures/r.png
  artifactKey: Guid(8468b11e1d318b847acda884a5dd05d9) Importer(815301076,1909f56bfc062723c751e8b465ee728b)
Start importing Assets/Resources/Textures/r.png using Guid(8468b11e1d318b847acda884a5dd05d9) Importer(815301076,1909f56bfc062723c751e8b465ee728b)  -> (artifact id: 'f05f83571ee979ae97f965cc419bb700') in 0.032333 seconds 
========================================================================
Received Import Request.
  Time since last request: 0.000208 seconds.
  path: Assets/Resources/Textures/images.png
  artifactKey: Guid(251006501d207df45b0779e94c791af0) Importer(815301076,1909f56bfc062723c751e8b465ee728b)
Start importing Assets/Resources/Textures/images.png using Guid(251006501d207df45b0779e94c791af0) Importer(815301076,1909f56bfc062723c751e8b465ee728b)  -> (artifact id: 'ef730d082a5457e7e5b9108064167018') in 0.040708 seconds 
========================================================================
Received Import Request.
  Time since last request: 0.000044 seconds.
  path: Assets/Resources/Textures/kisspng-rpg-maker-mv-tree-tile-based-video-game-rpg-maker-sprite-5ab4edf939ce86.0207493815218068412368.jpg
  artifactKey: Guid(53ea9a072632dca42ab769fb8b53a893) Importer(815301076,1909f56bfc062723c751e8b465ee728b)
Start importing Assets/Resources/Textures/kisspng-rpg-maker-mv-tree-tile-based-video-game-rpg-maker-sprite-5ab4edf939ce86.0207493815218068412368.jpg using Guid(53ea9a072632dca42ab769fb8b53a893) Importer(815301076,1909f56bfc062723c751e8b465ee728b)  -> (artifact id: '25f30c2e275552ba05332db2dd9fd2f4') in 0.166655 seconds 
========================================================================
Received Import Request.
  Time since last request: 0.000038 seconds.
  path: Assets/Resources/Prefab/Enemy.prefab
  artifactKey: Guid(ea99f274f238dc84881824068330e36a) Importer(815301076,1909f56bfc062723c751e8b465ee728b)
Start importing Assets/Resources/Prefab/Enemy.prefab using Guid(ea99f274f238dc84881824068330e36a) Importer(815301076,1909f56bfc062723c751e8b465ee728b)  -> (artifact id: '35580161caa8f28da7d54d46717f9768') in 0.103916 seconds 
========================================================================
Received Import Request.
  Time since last request: 0.008564 seconds.
  path: Assets/Resources/Prefab/RangeMaterial.mat
  artifactKey: Guid(b91b571667e4a474f89a6abfa6e957f2) Importer(815301076,1909f56bfc062723c751e8b465ee728b)
Start importing Assets/Resources/Prefab/RangeMaterial.mat using Guid(b91b571667e4a474f89a6abfa6e957f2) Importer(815301076,1909f56bfc062723c751e8b465ee728b)  -> (artifact id: '3ae82c8d9d8857b53a91be4fe3f57c80') in 0.395813 seconds 
========================================================================
Received Import Request.
  Time since last request: 0.000087 seconds.
  path: Assets/Resources/Textures/Block2.png
  artifactKey: Guid(6dea946734364764cac32f43e72305cc) Importer(815301076,1909f56bfc062723c751e8b465ee728b)
Start importing Assets/Resources/Textures/Block2.png using Guid(6dea946734364764cac32f43e72305cc) Importer(815301076,1909f56bfc062723c751e8b465ee728b)  -> (artifact id: '3c8cad708c42e269f1849a0994ec1242') in 0.058631 seconds 
========================================================================
Received Import Request.
  Time since last request: 0.000048 seconds.
  path: Assets/Resources/Textures/Door.png
  artifactKey: Guid(b80166941b00a514ba1df8443d16ec11) Importer(815301076,1909f56bfc062723c751e8b465ee728b)
Start importing Assets/Resources/Textures/Door.png using Guid(b80166941b00a514ba1df8443d16ec11) Importer(815301076,1909f56bfc062723c751e8b465ee728b)  -> (artifact id: '285089297bdc92126f2685bebeea72c6') in 0.049651 seconds 
========================================================================
Received Import Request.
  Time since last request: 0.000036 seconds.
  path: Assets/Resources/Textures/banan.png
  artifactKey: Guid(31f7dc815774a664daf301a024df41e8) Importer(815301076,1909f56bfc062723c751e8b465ee728b)
Start importing Assets/Resources/Textures/banan.png using Guid(31f7dc815774a664daf301a024df41e8) Importer(815301076,1909f56bfc062723c751e8b465ee728b)  -> (artifact id: '7d5a26d024074982c0b139ebbef1f00d') in 0.127243 seconds 
========================================================================
Received Import Request.
  Time since last request: 0.000059 seconds.
  path: Assets/Resources/Textures/Living_Armor_icon.png
  artifactKey: Guid(aa107945b62d330429059575c4a4f828) Importer(815301076,1909f56bfc062723c751e8b465ee728b)
Start importing Assets/Resources/Textures/Living_Armor_icon.png using Guid(aa107945b62d330429059575c4a4f828) Importer(815301076,1909f56bfc062723c751e8b465ee728b)  -> (artifact id: '63b859e284c275cdead5bf0f5b8cdadc') in 0.037806 seconds 
========================================================================
Received Import Request.
  Time since last request: 0.000045 seconds.
  path: Assets/Resources/Textures/3bbf832e85561a065c34e685bc163bb9.jpg
  artifactKey: Guid(9a1fa044c7d23db468c92916bdd5c3dc) Importer(815301076,1909f56bfc062723c751e8b465ee728b)
Start importing Assets/Resources/Textures/3bbf832e85561a065c34e685bc163bb9.jpg using Guid(9a1fa044c7d23db468c92916bdd5c3dc) Importer(815301076,1909f56bfc062723c751e8b465ee728b)  -> (artifact id: '954f202a9c229083628a927698b3d166') in 0.140550 seconds 
========================================================================
Received Import Request.
  Time since last request: 0.000046 seconds.
  path: Assets/Resources/Textures/Explosion.png
  artifactKey: Guid(75fe92e20e583da48987fd5fe1f29d99) Importer(815301076,1909f56bfc062723c751e8b465ee728b)
Start importing Assets/Resources/Textures/Explosion.png using Guid(75fe92e20e583da48987fd5fe1f29d99) Importer(815301076,1909f56bfc062723c751e8b465ee728b)  -> (artifact id: '9c7275e49c8b6e71b6226bfcc6eed050') in 0.104044 seconds 
========================================================================
Received Import Request.
  Time since last request: 0.000057 seconds.
  path: Assets/Resources/Textures/Block1.png
  artifactKey: Guid(c1dd6acc4bf06874598bc1cd9ddf3c5e) Importer(815301076,1909f56bfc062723c751e8b465ee728b)
Start importing Assets/Resources/Textures/Block1.png using Guid(c1dd6acc4bf06874598bc1cd9ddf3c5e) Importer(815301076,1909f56bfc062723c751e8b465ee728b)  -> (artifact id: '0c3322228cb8cba4aa306712aecc46e5') in 0.038222 seconds 
========================================================================
Received Import Request.
  Time since last request: 0.000074 seconds.
  path: Assets/Resources/Prefab/Tree.prefab
  artifactKey: Guid(99ae4150b8ce1e7468eaecac4aa86254) Importer(815301076,1909f56bfc062723c751e8b465ee728b)
Start importing Assets/Resources/Prefab/Tree.prefab using Guid(99ae4150b8ce1e7468eaecac4aa86254) Importer(815301076,1909f56bfc062723c751e8b465ee728b)  -> (artifact id: '86b92563379159143d7de031bb187412') in 0.037676 seconds 
========================================================================
Received Import Request.
  Time since last request: 0.000041 seconds.
  path: Assets/Resources/Textures/Block6.png
  artifactKey: Guid(ea576ff0bdf27bb49af1751a81af8cfb) Importer(815301076,1909f56bfc062723c751e8b465ee728b)
Start importing Assets/Resources/Textures/Block6.png using Guid(ea576ff0bdf27bb49af1751a81af8cfb) Importer(815301076,1909f56bfc062723c751e8b465ee728b)  -> (artifact id: 'c1fc6bb87f0da5ae019b155e4963b03f') in 0.035907 seconds 
========================================================================
Received Import Request.
  Time since last request: 0.000096 seconds.
  path: Assets/Resources/Textures/tenor.png
  artifactKey: Guid(b29624422acce9e4abb68cc76267abe7) Importer(815301076,1909f56bfc062723c751e8b465ee728b)
Start importing Assets/Resources/Textures/tenor.png using Guid(b29624422acce9e4abb68cc76267abe7) Importer(815301076,1909f56bfc062723c751e8b465ee728b)  -> (artifact id: 'be10343e0a2a9456bfbf80bc3ef64662') in 0.056209 seconds 
========================================================================
Received Import Request.
  Time since last request: 0.000063 seconds.
  path: Assets/Resources/Textures/q.png
  artifactKey: Guid(bbf1b3efb454d0147859556c93f0353c) Importer(815301076,1909f56bfc062723c751e8b465ee728b)
Start importing Assets/Resources/Textures/q.png using Guid(bbf1b3efb454d0147859556c93f0353c) Importer(815301076,1909f56bfc062723c751e8b465ee728b)  -> (artifact id: '446f561a8ca5f1082be8e3c856258a98') in 0.052628 seconds 
========================================================================
Received Import Request.
  Time since last request: 0.000174 seconds.
  path: Assets/Resources/Textures/ц2к.png
  artifactKey: Guid(c0747e3c4c5d7074cbbb1b0407683883) Importer(815301076,1909f56bfc062723c751e8b465ee728b)
Start importing Assets/Resources/Textures/ц2к.png using Guid(c0747e3c4c5d7074cbbb1b0407683883) Importer(815301076,1909f56bfc062723c751e8b465ee728b)  -> (artifact id: '2a58efd7c3a669a6406cc73c94e8fcf8') in 0.108995 seconds 
========================================================================
Received Import Request.
  Time since last request: 0.000071 seconds.
  path: Assets/Resources/Prefab/Arrow.prefab
  artifactKey: Guid(002c8d70ae626b54e851ce348c8bcd33) Importer(815301076,1909f56bfc062723c751e8b465ee728b)
Start importing Assets/Resources/Prefab/Arrow.prefab using Guid(002c8d70ae626b54e851ce348c8bcd33) Importer(815301076,1909f56bfc062723c751e8b465ee728b)  -> (artifact id: '02afbdfa3c7838ba0ed156cca5df12fa') in 0.041023 seconds 
========================================================================
Received Import Request.
  Time since last request: 0.000033 seconds.
  path: Assets/Resources/Prefab/Hero.prefab
  artifactKey: Guid(4d718731e158c134d999eb8cf2f3697e) Importer(815301076,1909f56bfc062723c751e8b465ee728b)
Start importing Assets/Resources/Prefab/Hero.prefab using Guid(4d718731e158c134d999eb8cf2f3697e) Importer(815301076,1909f56bfc062723c751e8b465ee728b)  -> (artifact id: '13930fc505c290ed0132361f42fb4857') in 0.064506 seconds 
========================================================================
Received Import Request.
  Time since last request: 0.000039 seconds.
  path: Assets/Resources/Prefab/LightBolt.prefab
  artifactKey: Guid(a70c903fae2cd6142ae142246ae4d744) Importer(815301076,1909f56bfc062723c751e8b465ee728b)
Start importing Assets/Resources/Prefab/LightBolt.prefab using Guid(a70c903fae2cd6142ae142246ae4d744) Importer(815301076,1909f56bfc062723c751e8b465ee728b)  -> (artifact id: '745bf48d78cc2aca69aca4526be879ed') in 0.040459 seconds 
========================================================================
Received Import Request.
  Time since last request: 0.000033 seconds.
  path: Assets/Resources/Textures/19ba32a65698a6b879ae0cff5dcf503b_0.asset
  artifactKey: Guid(95074f6d1d02fc94e9aa842f0dcf2c33) Importer(815301076,1909f56bfc062723c751e8b465ee728b)
Start importing Assets/Resources/Textures/19ba32a65698a6b879ae0cff5dcf503b_0.asset using Guid(95074f6d1d02fc94e9aa842f0dcf2c33) Importer(815301076,1909f56bfc062723c751e8b465ee728b)  -> (artifact id: '59992858eb98a746fd59707ee5e7d164') in 0.032888 seconds 
========================================================================
Received Import Request.
  Time since last request: 0.000033 seconds.
  path: Assets/Resources/Textures/Block3.png
  artifactKey: Guid(ad39915a0937c48429c0452d9dfa1c1c) Importer(815301076,1909f56bfc062723c751e8b465ee728b)
Start importing Assets/Resources/Textures/Block3.png using Guid(ad39915a0937c48429c0452d9dfa1c1c) Importer(815301076,1909f56bfc062723c751e8b465ee728b)  -> (artifact id: 'f2abca2c3f1e843e362b6b0c97a4c64e') in 0.036595 seconds 
========================================================================
Received Import Request.
  Time since last request: 0.000050 seconds.
  path: Assets/Resources/Textures/Block5.png
  artifactKey: Guid(0c3edf3ca9721254092ee33a32d2dd5a) Importer(815301076,1909f56bfc062723c751e8b465ee728b)
Start importing Assets/Resources/Textures/Block5.png using Guid(0c3edf3ca9721254092ee33a32d2dd5a) Importer(815301076,1909f56bfc062723c751e8b465ee728b)  -> (artifact id: '99b7c2995100ec88a6158b9caa28f046') in 0.033325 seconds 
========================================================================
Received Import Request.
  Time since last request: 0.000032 seconds.
  path: Assets/Resources/Textures/Laguna_Blade_icon.png
  artifactKey: Guid(d9f0233b85c4f0345b0e0a226d5f31ec) Importer(815301076,1909f56bfc062723c751e8b465ee728b)
Start importing Assets/Resources/Textures/Laguna_Blade_icon.png using Guid(d9f0233b85c4f0345b0e0a226d5f31ec) Importer(815301076,1909f56bfc062723c751e8b465ee728b)  -> (artifact id: '52a5a7018ffc2b13dc1d00e416727f07') in 0.031702 seconds 
========================================================================
Received Import Request.
  Time since last request: 0.000038 seconds.
  path: Assets/Resources/Prefab/FireParticle.prefab
  artifactKey: Guid(8e100adfe9453a042ba5f2535c9789ed) Importer(815301076,1909f56bfc062723c751e8b465ee728b)
Start importing Assets/Resources/Prefab/FireParticle.prefab using Guid(8e100adfe9453a042ba5f2535c9789ed) Importer(815301076,1909f56bfc062723c751e8b465ee728b)  -> (artifact id: '9490c32e2314715571f42c34309f721b') in 0.036259 seconds 
========================================================================
Received Import Request.
  Time since last request: 0.000032 seconds.
  path: Assets/Resources/Prefab/Shop.prefab
  artifactKey: Guid(ea49b9fe073ea9a4291cea080928af06) Importer(815301076,1909f56bfc062723c751e8b465ee728b)
Start importing Assets/Resources/Prefab/Shop.prefab using Guid(ea49b9fe073ea9a4291cea080928af06) Importer(815301076,1909f56bfc062723c751e8b465ee728b)  -> (artifact id: 'b29330c90dbeb827702dca639659fd1d') in 0.031527 seconds 
========================================================================
Received Import Request.
  Time since last request: 0.000033 seconds.
  path: Assets/Resources/Textures/Без имени-1.png
  artifactKey: Guid(a4b9934179c026944a41da0fdaf999e0) Importer(815301076,1909f56bfc062723c751e8b465ee728b)
Start importing Assets/Resources/Textures/Без имени-1.png using Guid(a4b9934179c026944a41da0fdaf999e0) Importer(815301076,1909f56bfc062723c751e8b465ee728b)  -> (artifact id: '57f2beafb099ec04f869c2941b41c606') in 0.059601 seconds 
========================================================================
Received Import Request.
  Time since last request: 0.000033 seconds.
  path: Assets/Resources/Textures/Block8.png
  artifactKey: Guid(d4a26e51012d01a46af89ab733176331) Importer(815301076,1909f56bfc062723c751e8b465ee728b)
Start importing Assets/Resources/Textures/Block8.png using Guid(d4a26e51012d01a46af89ab733176331) Importer(815301076,1909f56bfc062723c751e8b465ee728b)  -> (artifact id: '3230f4454add8e2f4084d6019ba3b992') in 0.024968 seconds 
========================================================================
Received Import Request.
  Time since last request: 0.000037 seconds.
  path: Assets/Resources/Textures/Doooor.psd
  artifactKey: Guid(7ed47c96cfdb77e478c28a0a907f6c34) Importer(815301076,1909f56bfc062723c751e8b465ee728b)
Start importing Assets/Resources/Textures/Doooor.psd using Guid(7ed47c96cfdb77e478c28a0a907f6c34) Importer(815301076,1909f56bfc062723c751e8b465ee728b)  -> (artifact id: '4efe342a87644dce6515d0997c54a817') in 0.126973 seconds 
========================================================================
Received Prepare
Registering precompiled user dll's ...
Registered in 0.005594 seconds.
Begin MonoManager ReloadAssembly
Native extension for WindowsStandalone target not found
Native extension for Android target not found
Refreshing native plugins compatible for Editor in 1.02 ms, found 2 plugins.
Preloading 0 native plugins for Editor in 0.00 ms.
Mono: successfully reloaded assembly
- Completed reload, in  1.449 seconds
Domain Reload Profiling:
	ReloadAssembly (1450ms)
		BeginReloadAssembly (171ms)
			ExecutionOrderSort (0ms)
			DisableScriptedObjects (9ms)
			BackupInstance (0ms)
			ReleaseScriptingObjects (0ms)
			CreateAndSetChildDomain (44ms)
		EndReloadAssembly (1124ms)
			LoadAssemblies (110ms)
			RebuildTransferFunctionScriptingTraits (0ms)
			SetupTypeCache (329ms)
			ReleaseScriptCaches (1ms)
			RebuildScriptCaches (65ms)
			SetupLoadedEditorAssemblies (535ms)
				LogAssemblyErrors (0ms)
				InitializePlatformSupportModulesInManaged (38ms)
				SetLoadedEditorAssemblies (1ms)
				RefreshPlugins (1ms)
				BeforeProcessingInitializeOnLoad (87ms)
				ProcessInitializeOnLoadAttributes (337ms)
				ProcessInitializeOnLoadMethodAttributes (56ms)
				AfterProcessingInitializeOnLoad (14ms)
				EditorAssembliesLoaded (0ms)
			ExecutionOrderSort2 (0ms)
			AwakeInstancesAfterBackupRestoration (10ms)
Platform modules already initialized, skipping
Refreshing native plugins compatible for Editor in 2.39 ms, found 2 plugins.
Preloading 0 native plugins for Editor in 0.00 ms.
Unloading 1783 Unused Serialized files (Serialized files now loaded: 0)
Unloading 12 unused Assets / (24.6 KB). Loaded Objects now: 2571.
Memory consumption went from 100.6 MB to 100.6 MB.
Total: 4.877200 ms (FindLiveObjects: 0.286900 ms CreateObjectMapping: 0.401200 ms MarkObjects: 4.157700 ms  DeleteObjects: 0.029900 ms)

AssetImportParameters requested are different than current active one (requested -> active):
  custom:video-decoder-ogg-theora: a1e56fd34408186e4bbccfd4996cb3dc -> 
  custom:container-muxer-webm: aa71ff27fc2769a1b78a27578f13a17b -> 
  custom:container-demuxer-webm: 4f35f7cbe854078d1ac9338744f61a02 -> 
  custom:video-encoder-webm-vp8: eb34c28f22e8b96e1ab97ce403110664 -> 
  custom:audio-encoder-webm-vorbis: bf7c407c2cedff20999df2af8eb42d56 -> 
  custom:framework-win-MediaFoundation: 216162199b28c13a410421893ffa2e32 -> 
  custom:container-demuxer-ogg: 62fdf1f143b41e24485cea50d1cbac27 -> 
  custom:video-decoder-webm-vp8: 9c59270c3fd7afecdb556c50c9e8de78 -> 
  custom:audio-decoder-ogg-vorbis: bf7c407c2cedff20999df2af8eb42d56 -> 
========================================================================
Received Import Request.
  Time since last request: 676.472810 seconds.
  path: Assets/Resources/Animations/Boom.prefab
  artifactKey: Guid(82cf375a2e98e5e47b3ccc138bbfbbac) Importer(815301076,1909f56bfc062723c751e8b465ee728b)
Start importing Assets/Resources/Animations/Boom.prefab using Guid(82cf375a2e98e5e47b3ccc138bbfbbac) Importer(815301076,1909f56bfc062723c751e8b465ee728b)  -> (artifact id: '7e114521b2c2645f826609f48b37c6c2') in 0.078177 seconds 
========================================================================
Received Import Request.
  Time since last request: 7.559597 seconds.
  path: Assets/LightningBolt/LightningBoltMaterialAlphaBlend.mat
  artifactKey: Guid(4de36ea0be987c54d965ef5ee0f7b3bc) Importer(815301076,1909f56bfc062723c751e8b465ee728b)
Start importing Assets/LightningBolt/LightningBoltMaterialAlphaBlend.mat using Guid(4de36ea0be987c54d965ef5ee0f7b3bc) Importer(815301076,1909f56bfc062723c751e8b465ee728b)  -> (artifact id: '73da9a87d5c6aee6a77127d6e95a32f6') in 0.176399 seconds 
========================================================================
Received Import Request.
  Time since last request: 0.000031 seconds.
  path: Assets/LightningBolt/LightningBoltMaterialAnimatedAdditive.mat
  artifactKey: Guid(b3fa1459de80bc44a9b3e01397db8235) Importer(815301076,1909f56bfc062723c751e8b465ee728b)
Start importing Assets/LightningBolt/LightningBoltMaterialAnimatedAdditive.mat using Guid(b3fa1459de80bc44a9b3e01397db8235) Importer(815301076,1909f56bfc062723c751e8b465ee728b)  -> (artifact id: '9626ee5dbb39dd89cf869b9a4aba6404') in 0.061161 seconds 
========================================================================
Received Import Request.
  Time since last request: 0.000024 seconds.
  path: Assets/LightningBolt/SimpleLightningBoltPrefab.prefab
  artifactKey: Guid(15dec7b07032b2f4aa6f855bfbe120f7) Importer(815301076,1909f56bfc062723c751e8b465ee728b)
Start importing Assets/LightningBolt/SimpleLightningBoltPrefab.prefab using Guid(15dec7b07032b2f4aa6f855bfbe120f7) Importer(815301076,1909f56bfc062723c751e8b465ee728b)  -> (artifact id: 'b6445c3fc133c98ec27da77d656640f0') in 0.037712 seconds 
========================================================================
Received Import Request.
  Time since last request: 1.991473 seconds.
  path: Assets/Resources/ScrObg/select1.asset
  artifactKey: Guid(095a7880c2637ba4b921a66c6c2f4437) Importer(815301076,1909f56bfc062723c751e8b465ee728b)
Start importing Assets/Resources/ScrObg/select1.asset using Guid(095a7880c2637ba4b921a66c6c2f4437) Importer(815301076,1909f56bfc062723c751e8b465ee728b)  -> (artifact id: 'f49b4e2a8ddba679de90538a8298bd32') in 0.026576 seconds 
========================================================================
Received Import Request.
  Time since last request: 0.000049 seconds.
  path: Assets/Resources/ScrObg/Tile2.asset
  artifactKey: Guid(8e595e0376cabf84c9582a025010d8e0) Importer(815301076,1909f56bfc062723c751e8b465ee728b)
Start importing Assets/Resources/ScrObg/Tile2.asset using Guid(8e595e0376cabf84c9582a025010d8e0) Importer(815301076,1909f56bfc062723c751e8b465ee728b)  -> (artifact id: '41cadfcbe73c34c0fbf600ac5210b93a') in 0.015719 seconds 
========================================================================
Received Import Request.
  Time since last request: 0.000023 seconds.
  path: Assets/Resources/ScrObg/Tile3.asset
  artifactKey: Guid(69f153f9f6b6ae74fa1628e3247aa153) Importer(815301076,1909f56bfc062723c751e8b465ee728b)
Start importing Assets/Resources/ScrObg/Tile3.asset using Guid(69f153f9f6b6ae74fa1628e3247aa153) Importer(815301076,1909f56bfc062723c751e8b465ee728b)  -> (artifact id: 'a619760a582f50e31a994a4e3dd24643') in 0.012122 seconds 
========================================================================
Received Import Request.
  Time since last request: 0.000048 seconds.
  path: Assets/Resources/ScrObg/Tile1.asset
  artifactKey: Guid(d8473acf92434a94f91003398f2d756a) Importer(815301076,1909f56bfc062723c751e8b465ee728b)
Start importing Assets/Resources/ScrObg/Tile1.asset using Guid(d8473acf92434a94f91003398f2d756a) Importer(815301076,1909f56bfc062723c751e8b465ee728b)  -> (artifact id: '5ecbbc74b5fefbf70863b3be1f61c656') in 0.010882 seconds 
========================================================================
Received Import Request.
  Time since last request: 0.000058 seconds.
  path: Assets/Resources/ScrObg/select3.asset
  artifactKey: Guid(797e5fc344e3219449ba12455f39abde) Importer(815301076,1909f56bfc062723c751e8b465ee728b)
Start importing Assets/Resources/ScrObg/select3.asset using Guid(797e5fc344e3219449ba12455f39abde) Importer(815301076,1909f56bfc062723c751e8b465ee728b)  -> (artifact id: '8b228ff6de2fea6bf55a2680e80840a9') in 0.010279 seconds 
========================================================================
Received Prepare
Registering precompiled user dll's ...
Registered in 0.005470 seconds.
Begin MonoManager ReloadAssembly
Native extension for WindowsStandalone target not found
Native extension for Android target not found
Refreshing native plugins compatible for Editor in 0.68 ms, found 2 plugins.
Preloading 0 native plugins for Editor in 0.00 ms.
Mono: successfully reloaded assembly
- Completed reload, in  1.962 seconds
Domain Reload Profiling:
	ReloadAssembly (1964ms)
		BeginReloadAssembly (261ms)
			ExecutionOrderSort (0ms)
			DisableScriptedObjects (15ms)
			BackupInstance (0ms)
			ReleaseScriptingObjects (0ms)
			CreateAndSetChildDomain (61ms)
		EndReloadAssembly (1482ms)
			LoadAssemblies (169ms)
			RebuildTransferFunctionScriptingTraits (0ms)
			SetupTypeCache (509ms)
			ReleaseScriptCaches (2ms)
			RebuildScriptCaches (105ms)
			SetupLoadedEditorAssemblies (618ms)
				LogAssemblyErrors (0ms)
				InitializePlatformSupportModulesInManaged (44ms)
				SetLoadedEditorAssemblies (1ms)
				RefreshPlugins (1ms)
				BeforeProcessingInitializeOnLoad (119ms)
				ProcessInitializeOnLoadAttributes (386ms)
				ProcessInitializeOnLoadMethodAttributes (53ms)
				AfterProcessingInitializeOnLoad (14ms)
				EditorAssembliesLoaded (0ms)
			ExecutionOrderSort2 (0ms)
			AwakeInstancesAfterBackupRestoration (9ms)
Platform modules already initialized, skipping
Refreshing native plugins compatible for Editor in 1.72 ms, found 2 plugins.
Preloading 0 native plugins for Editor in 0.00 ms.
Unloading 1788 Unused Serialized files (Serialized files now loaded: 0)
Unloading 12 unused Assets / (24.6 KB). Loaded Objects now: 2580.
Memory consumption went from 100.8 MB to 100.8 MB.
Total: 3.331400 ms (FindLiveObjects: 0.194400 ms CreateObjectMapping: 0.076400 ms MarkObjects: 3.042800 ms  DeleteObjects: 0.016900 ms)

AssetImportParameters requested are different than current active one (requested -> active):
  custom:video-decoder-ogg-theora: a1e56fd34408186e4bbccfd4996cb3dc -> 
  custom:container-muxer-webm: aa71ff27fc2769a1b78a27578f13a17b -> 
  custom:container-demuxer-webm: 4f35f7cbe854078d1ac9338744f61a02 -> 
  custom:video-encoder-webm-vp8: eb34c28f22e8b96e1ab97ce403110664 -> 
  custom:audio-encoder-webm-vorbis: bf7c407c2cedff20999df2af8eb42d56 -> 
  custom:framework-win-MediaFoundation: 216162199b28c13a410421893ffa2e32 -> 
  custom:container-demuxer-ogg: 62fdf1f143b41e24485cea50d1cbac27 -> 
  custom:video-decoder-webm-vp8: 9c59270c3fd7afecdb556c50c9e8de78 -> 
  custom:audio-decoder-ogg-vorbis: bf7c407c2cedff20999df2af8eb42d56 -> 
========================================================================
Received Prepare
Registering precompiled user dll's ...
Registered in 0.003646 seconds.
Begin MonoManager ReloadAssembly
Native extension for WindowsStandalone target not found
Native extension for Android target not found
Refreshing native plugins compatible for Editor in 0.82 ms, found 2 plugins.
Preloading 0 native plugins for Editor in 0.00 ms.
Mono: successfully reloaded assembly
- Completed reload, in  1.396 seconds
Domain Reload Profiling:
	ReloadAssembly (1397ms)
		BeginReloadAssembly (173ms)
			ExecutionOrderSort (0ms)
			DisableScriptedObjects (11ms)
			BackupInstance (0ms)
			ReleaseScriptingObjects (0ms)
			CreateAndSetChildDomain (42ms)
		EndReloadAssembly (1060ms)
			LoadAssemblies (109ms)
			RebuildTransferFunctionScriptingTraits (0ms)
			SetupTypeCache (316ms)
			ReleaseScriptCaches (1ms)
			RebuildScriptCaches (62ms)
			SetupLoadedEditorAssemblies (505ms)
				LogAssemblyErrors (0ms)
				InitializePlatformSupportModulesInManaged (33ms)
				SetLoadedEditorAssemblies (1ms)
				RefreshPlugins (1ms)
				BeforeProcessingInitializeOnLoad (84ms)
				ProcessInitializeOnLoadAttributes (322ms)
				ProcessInitializeOnLoadMethodAttributes (53ms)
				AfterProcessingInitializeOnLoad (12ms)
				EditorAssembliesLoaded (0ms)
			ExecutionOrderSort2 (0ms)
			AwakeInstancesAfterBackupRestoration (7ms)
Platform modules already initialized, skipping
Refreshing native plugins compatible for Editor in 1.97 ms, found 2 plugins.
Preloading 0 native plugins for Editor in 0.00 ms.
Unloading 1788 Unused Serialized files (Serialized files now loaded: 0)
Unloading 12 unused Assets / (24.6 KB). Loaded Objects now: 2583.
Memory consumption went from 100.8 MB to 100.8 MB.
Total: 4.016000 ms (FindLiveObjects: 0.320400 ms CreateObjectMapping: 0.212200 ms MarkObjects: 3.444900 ms  DeleteObjects: 0.035900 ms)

AssetImportParameters requested are different than current active one (requested -> active):
  custom:video-decoder-ogg-theora: a1e56fd34408186e4bbccfd4996cb3dc -> 
  custom:container-muxer-webm: aa71ff27fc2769a1b78a27578f13a17b -> 
  custom:container-demuxer-webm: 4f35f7cbe854078d1ac9338744f61a02 -> 
  custom:video-encoder-webm-vp8: eb34c28f22e8b96e1ab97ce403110664 -> 
  custom:audio-encoder-webm-vorbis: bf7c407c2cedff20999df2af8eb42d56 -> 
  custom:framework-win-MediaFoundation: 216162199b28c13a410421893ffa2e32 -> 
  custom:container-demuxer-ogg: 62fdf1f143b41e24485cea50d1cbac27 -> 
  custom:video-decoder-webm-vp8: 9c59270c3fd7afecdb556c50c9e8de78 -> 
  custom:audio-decoder-ogg-vorbis: bf7c407c2cedff20999df2af8eb42d56 -> 
========================================================================
Received Prepare
Registering precompiled user dll's ...
Registered in 0.010059 seconds.
Begin MonoManager ReloadAssembly
Native extension for WindowsStandalone target not found
Native extension for Android target not found
Refreshing native plugins compatible for Editor in 1.41 ms, found 2 plugins.
Preloading 0 native plugins for Editor in 0.00 ms.
Mono: successfully reloaded assembly
- Completed reload, in  3.278 seconds
Domain Reload Profiling:
	ReloadAssembly (3280ms)
		BeginReloadAssembly (412ms)
			ExecutionOrderSort (0ms)
			DisableScriptedObjects (30ms)
			BackupInstance (0ms)
			ReleaseScriptingObjects (3ms)
			CreateAndSetChildDomain (102ms)
		EndReloadAssembly (2520ms)
			LoadAssemblies (258ms)
			RebuildTransferFunctionScriptingTraits (0ms)
			SetupTypeCache (701ms)
			ReleaseScriptCaches (2ms)
			RebuildScriptCaches (139ms)
			SetupLoadedEditorAssemblies (1252ms)
				LogAssemblyErrors (0ms)
				InitializePlatformSupportModulesInManaged (90ms)
				SetLoadedEditorAssemblies (2ms)
				RefreshPlugins (2ms)
				BeforeProcessingInitializeOnLoad (207ms)
				ProcessInitializeOnLoadAttributes (792ms)
				ProcessInitializeOnLoadMethodAttributes (129ms)
				AfterProcessingInitializeOnLoad (30ms)
				EditorAssembliesLoaded (1ms)
			ExecutionOrderSort2 (0ms)
			AwakeInstancesAfterBackupRestoration (21ms)
Platform modules already initialized, skipping
Refreshing native plugins compatible for Editor in 3.70 ms, found 2 plugins.
Preloading 0 native plugins for Editor in 0.00 ms.
Unloading 1788 Unused Serialized files (Serialized files now loaded: 0)
Unloading 12 unused Assets / (24.6 KB). Loaded Objects now: 2586.
Memory consumption went from 100.8 MB to 100.8 MB.
Total: 6.835600 ms (FindLiveObjects: 0.562300 ms CreateObjectMapping: 0.192800 ms MarkObjects: 6.041200 ms  DeleteObjects: 0.036100 ms)

AssetImportParameters requested are different than current active one (requested -> active):
  custom:video-decoder-ogg-theora: a1e56fd34408186e4bbccfd4996cb3dc -> 
  custom:container-muxer-webm: aa71ff27fc2769a1b78a27578f13a17b -> 
  custom:container-demuxer-webm: 4f35f7cbe854078d1ac9338744f61a02 -> 
  custom:video-encoder-webm-vp8: eb34c28f22e8b96e1ab97ce403110664 -> 
  custom:audio-encoder-webm-vorbis: bf7c407c2cedff20999df2af8eb42d56 -> 
  custom:framework-win-MediaFoundation: 216162199b28c13a410421893ffa2e32 -> 
  custom:container-demuxer-ogg: 62fdf1f143b41e24485cea50d1cbac27 -> 
  custom:video-decoder-webm-vp8: 9c59270c3fd7afecdb556c50c9e8de78 -> 
  custom:audio-decoder-ogg-vorbis: bf7c407c2cedff20999df2af8eb42d56 -> 
========================================================================
Received Prepare
Registering precompiled user dll's ...
Registered in 0.012005 seconds.
Begin MonoManager ReloadAssembly
Native extension for WindowsStandalone target not found
Native extension for Android target not found
Refreshing native plugins compatible for Editor in 2.30 ms, found 2 plugins.
Preloading 0 native plugins for Editor in 0.00 ms.
Mono: successfully reloaded assembly
- Completed reload, in  3.455 seconds
Domain Reload Profiling:
	ReloadAssembly (3457ms)
		BeginReloadAssembly (407ms)
			ExecutionOrderSort (0ms)
			DisableScriptedObjects (28ms)
			BackupInstance (0ms)
			ReleaseScriptingObjects (0ms)
			CreateAndSetChildDomain (106ms)
		EndReloadAssembly (2678ms)
			LoadAssemblies (252ms)
			RebuildTransferFunctionScriptingTraits (0ms)
			SetupTypeCache (706ms)
			ReleaseScriptCaches (2ms)
			RebuildScriptCaches (198ms)
			SetupLoadedEditorAssemblies (1275ms)
				LogAssemblyErrors (0ms)
				InitializePlatformSupportModulesInManaged (92ms)
				SetLoadedEditorAssemblies (3ms)
				RefreshPlugins (2ms)
				BeforeProcessingInitializeOnLoad (207ms)
				ProcessInitializeOnLoadAttributes (798ms)
				ProcessInitializeOnLoadMethodAttributes (137ms)
				AfterProcessingInitializeOnLoad (34ms)
				EditorAssembliesLoaded (0ms)
			ExecutionOrderSort2 (0ms)
			AwakeInstancesAfterBackupRestoration (23ms)
Platform modules already initialized, skipping
Refreshing native plugins compatible for Editor in 4.68 ms, found 2 plugins.
Preloading 0 native plugins for Editor in 0.00 ms.
Unloading 1788 Unused Serialized files (Serialized files now loaded: 0)
Unloading 12 unused Assets / (24.6 KB). Loaded Objects now: 2589.
Memory consumption went from 100.8 MB to 100.8 MB.
Total: 13.506700 ms (FindLiveObjects: 0.754200 ms CreateObjectMapping: 0.663100 ms MarkObjects: 12.041800 ms  DeleteObjects: 0.044000 ms)

AssetImportParameters requested are different than current active one (requested -> active):
  custom:video-decoder-ogg-theora: a1e56fd34408186e4bbccfd4996cb3dc -> 
  custom:container-muxer-webm: aa71ff27fc2769a1b78a27578f13a17b -> 
  custom:container-demuxer-webm: 4f35f7cbe854078d1ac9338744f61a02 -> 
  custom:video-encoder-webm-vp8: eb34c28f22e8b96e1ab97ce403110664 -> 
  custom:audio-encoder-webm-vorbis: bf7c407c2cedff20999df2af8eb42d56 -> 
  custom:framework-win-MediaFoundation: 216162199b28c13a410421893ffa2e32 -> 
  custom:container-demuxer-ogg: 62fdf1f143b41e24485cea50d1cbac27 -> 
  custom:video-decoder-webm-vp8: 9c59270c3fd7afecdb556c50c9e8de78 -> 
  custom:audio-decoder-ogg-vorbis: bf7c407c2cedff20999df2af8eb42d56 -> 
========================================================================
Received Prepare
Registering precompiled user dll's ...
Registered in 0.010873 seconds.
Begin MonoManager ReloadAssembly
Native extension for WindowsStandalone target not found
Native extension for Android target not found
Refreshing native plugins compatible for Editor in 2.25 ms, found 2 plugins.
Preloading 0 native plugins for Editor in 0.00 ms.
Mono: successfully reloaded assembly
- Completed reload, in  3.524 seconds
Domain Reload Profiling:
	ReloadAssembly (3527ms)
		BeginReloadAssembly (396ms)
			ExecutionOrderSort (0ms)
			DisableScriptedObjects (24ms)
			BackupInstance (0ms)
			ReleaseScriptingObjects (0ms)
			CreateAndSetChildDomain (102ms)
		EndReloadAssembly (2760ms)
			LoadAssemblies (247ms)
			RebuildTransferFunctionScriptingTraits (0ms)
			SetupTypeCache (751ms)
			ReleaseScriptCaches (3ms)
			RebuildScriptCaches (172ms)
			SetupLoadedEditorAssemblies (1373ms)
				LogAssemblyErrors (0ms)
				InitializePlatformSupportModulesInManaged (98ms)
				SetLoadedEditorAssemblies (2ms)
				RefreshPlugins (3ms)
				BeforeProcessingInitializeOnLoad (223ms)
				ProcessInitializeOnLoadAttributes (871ms)
				ProcessInitializeOnLoadMethodAttributes (143ms)
				AfterProcessingInitializeOnLoad (33ms)
				EditorAssembliesLoaded (0ms)
			ExecutionOrderSort2 (0ms)
			AwakeInstancesAfterBackupRestoration (21ms)
Platform modules already initialized, skipping
Refreshing native plugins compatible for Editor in 7.23 ms, found 2 plugins.
Preloading 0 native plugins for Editor in 0.00 ms.
Unloading 1788 Unused Serialized files (Serialized files now loaded: 0)
Unloading 12 unused Assets / (24.7 KB). Loaded Objects now: 2592.
Memory consumption went from 100.8 MB to 100.8 MB.
Total: 6.888600 ms (FindLiveObjects: 0.404800 ms CreateObjectMapping: 0.385800 ms MarkObjects: 6.041500 ms  DeleteObjects: 0.053900 ms)

AssetImportParameters requested are different than current active one (requested -> active):
  custom:video-decoder-ogg-theora: a1e56fd34408186e4bbccfd4996cb3dc -> 
  custom:container-muxer-webm: aa71ff27fc2769a1b78a27578f13a17b -> 
  custom:container-demuxer-webm: 4f35f7cbe854078d1ac9338744f61a02 -> 
  custom:video-encoder-webm-vp8: eb34c28f22e8b96e1ab97ce403110664 -> 
  custom:audio-encoder-webm-vorbis: bf7c407c2cedff20999df2af8eb42d56 -> 
  custom:framework-win-MediaFoundation: 216162199b28c13a410421893ffa2e32 -> 
  custom:container-demuxer-ogg: 62fdf1f143b41e24485cea50d1cbac27 -> 
  custom:video-decoder-webm-vp8: 9c59270c3fd7afecdb556c50c9e8de78 -> 
  custom:audio-decoder-ogg-vorbis: bf7c407c2cedff20999df2af8eb42d56 -> 
========================================================================
Received Prepare
Registering precompiled user dll's ...
Registered in 0.012066 seconds.
Begin MonoManager ReloadAssembly
Native extension for WindowsStandalone target not found
Native extension for Android target not found
Refreshing native plugins compatible for Editor in 2.07 ms, found 2 plugins.
Preloading 0 native plugins for Editor in 0.00 ms.
Mono: successfully reloaded assembly
- Completed reload, in  3.445 seconds
Domain Reload Profiling:
	ReloadAssembly (3448ms)
		BeginReloadAssembly (412ms)
			ExecutionOrderSort (0ms)
			DisableScriptedObjects (29ms)
			BackupInstance (0ms)
			ReleaseScriptingObjects (0ms)
			CreateAndSetChildDomain (98ms)
		EndReloadAssembly (2654ms)
			LoadAssemblies (277ms)
			RebuildTransferFunctionScriptingTraits (0ms)
			SetupTypeCache (710ms)
			ReleaseScriptCaches (2ms)
			RebuildScriptCaches (139ms)
			SetupLoadedEditorAssemblies (1368ms)
				LogAssemblyErrors (0ms)
				InitializePlatformSupportModulesInManaged (101ms)
				SetLoadedEditorAssemblies (2ms)
				RefreshPlugins (2ms)
				BeforeProcessingInitializeOnLoad (232ms)
				ProcessInitializeOnLoadAttributes (857ms)
				ProcessInitializeOnLoadMethodAttributes (138ms)
				AfterProcessingInitializeOnLoad (35ms)
				EditorAssembliesLoaded (1ms)
			ExecutionOrderSort2 (0ms)
			AwakeInstancesAfterBackupRestoration (25ms)
Platform modules already initialized, skipping
Refreshing native plugins compatible for Editor in 4.86 ms, found 2 plugins.
Preloading 0 native plugins for Editor in 0.00 ms.
Unloading 1788 Unused Serialized files (Serialized files now loaded: 0)
Unloading 12 unused Assets / (24.6 KB). Loaded Objects now: 2595.
Memory consumption went from 100.9 MB to 100.8 MB.
Total: 9.311300 ms (FindLiveObjects: 0.445400 ms CreateObjectMapping: 0.166100 ms MarkObjects: 8.655300 ms  DeleteObjects: 0.041200 ms)

AssetImportParameters requested are different than current active one (requested -> active):
  custom:video-decoder-ogg-theora: a1e56fd34408186e4bbccfd4996cb3dc -> 
  custom:container-muxer-webm: aa71ff27fc2769a1b78a27578f13a17b -> 
  custom:container-demuxer-webm: 4f35f7cbe854078d1ac9338744f61a02 -> 
  custom:video-encoder-webm-vp8: eb34c28f22e8b96e1ab97ce403110664 -> 
  custom:audio-encoder-webm-vorbis: bf7c407c2cedff20999df2af8eb42d56 -> 
  custom:framework-win-MediaFoundation: 216162199b28c13a410421893ffa2e32 -> 
  custom:container-demuxer-ogg: 62fdf1f143b41e24485cea50d1cbac27 -> 
  custom:video-decoder-webm-vp8: 9c59270c3fd7afecdb556c50c9e8de78 -> 
  custom:audio-decoder-ogg-vorbis: bf7c407c2cedff20999df2af8eb42d56 -> 
========================================================================
Received Prepare
Registering precompiled user dll's ...
Registered in 0.011736 seconds.
Begin MonoManager ReloadAssembly
Native extension for WindowsStandalone target not found
Native extension for Android target not found
Refreshing native plugins compatible for Editor in 1.52 ms, found 2 plugins.
Preloading 0 native plugins for Editor in 0.00 ms.
Mono: successfully reloaded assembly
- Completed reload, in  3.447 seconds
Domain Reload Profiling:
	ReloadAssembly (3449ms)
		BeginReloadAssembly (408ms)
			ExecutionOrderSort (0ms)
			DisableScriptedObjects (24ms)
			BackupInstance (0ms)
			ReleaseScriptingObjects (0ms)
			CreateAndSetChildDomain (98ms)
		EndReloadAssembly (2668ms)
			LoadAssemblies (269ms)
			RebuildTransferFunctionScriptingTraits (0ms)
			SetupTypeCache (772ms)
			ReleaseScriptCaches (3ms)
			RebuildScriptCaches (202ms)
			SetupLoadedEditorAssemblies (1173ms)
				LogAssemblyErrors (0ms)
				InitializePlatformSupportModulesInManaged (72ms)
				SetLoadedEditorAssemblies (2ms)
				RefreshPlugins (2ms)
				BeforeProcessingInitializeOnLoad (219ms)
				ProcessInitializeOnLoadAttributes (723ms)
				ProcessInitializeOnLoadMethodAttributes (120ms)
				AfterProcessingInitializeOnLoad (34ms)
				EditorAssembliesLoaded (1ms)
			ExecutionOrderSort2 (0ms)
			AwakeInstancesAfterBackupRestoration (26ms)
Platform modules already initialized, skipping
Refreshing native plugins compatible for Editor in 2.96 ms, found 2 plugins.
Preloading 0 native plugins for Editor in 0.00 ms.
Unloading 1788 Unused Serialized files (Serialized files now loaded: 0)
Unloading 12 unused Assets / (24.6 KB). Loaded Objects now: 2598.
Memory consumption went from 100.9 MB to 100.8 MB.
Total: 7.386900 ms (FindLiveObjects: 0.380000 ms CreateObjectMapping: 0.224500 ms MarkObjects: 6.706300 ms  DeleteObjects: 0.073400 ms)

AssetImportParameters requested are different than current active one (requested -> active):
  custom:video-decoder-ogg-theora: a1e56fd34408186e4bbccfd4996cb3dc -> 
  custom:container-muxer-webm: aa71ff27fc2769a1b78a27578f13a17b -> 
  custom:container-demuxer-webm: 4f35f7cbe854078d1ac9338744f61a02 -> 
  custom:video-encoder-webm-vp8: eb34c28f22e8b96e1ab97ce403110664 -> 
  custom:audio-encoder-webm-vorbis: bf7c407c2cedff20999df2af8eb42d56 -> 
  custom:framework-win-MediaFoundation: 216162199b28c13a410421893ffa2e32 -> 
  custom:container-demuxer-ogg: 62fdf1f143b41e24485cea50d1cbac27 -> 
  custom:video-decoder-webm-vp8: 9c59270c3fd7afecdb556c50c9e8de78 -> 
  custom:audio-decoder-ogg-vorbis: bf7c407c2cedff20999df2af8eb42d56 -> 
========================================================================
Received Prepare
Registering precompiled user dll's ...
Registered in 0.012374 seconds.
Begin MonoManager ReloadAssembly
Native extension for WindowsStandalone target not found
Native extension for Android target not found
Refreshing native plugins compatible for Editor in 1.26 ms, found 2 plugins.
Preloading 0 native plugins for Editor in 0.00 ms.
Mono: successfully reloaded assembly
- Completed reload, in  3.336 seconds
Domain Reload Profiling:
	ReloadAssembly (3339ms)
		BeginReloadAssembly (389ms)
			ExecutionOrderSort (0ms)
			DisableScriptedObjects (24ms)
			BackupInstance (0ms)
			ReleaseScriptingObjects (0ms)
			CreateAndSetChildDomain (91ms)
		EndReloadAssembly (2585ms)
			LoadAssemblies (261ms)
			RebuildTransferFunctionScriptingTraits (0ms)
			SetupTypeCache (747ms)
			ReleaseScriptCaches (3ms)
			RebuildScriptCaches (147ms)
			SetupLoadedEditorAssemblies (1266ms)
				LogAssemblyErrors (0ms)
				InitializePlatformSupportModulesInManaged (92ms)
				SetLoadedEditorAssemblies (2ms)
				RefreshPlugins (1ms)
				BeforeProcessingInitializeOnLoad (210ms)
				ProcessInitializeOnLoadAttributes (783ms)
				ProcessInitializeOnLoadMethodAttributes (145ms)
				AfterProcessingInitializeOnLoad (32ms)
				EditorAssembliesLoaded (1ms)
			ExecutionOrderSort2 (0ms)
			AwakeInstancesAfterBackupRestoration (22ms)
Platform modules already initialized, skipping
Refreshing native plugins compatible for Editor in 4.35 ms, found 2 plugins.
Preloading 0 native plugins for Editor in 0.00 ms.
Unloading 1788 Unused Serialized files (Serialized files now loaded: 0)
Unloading 12 unused Assets / (24.6 KB). Loaded Objects now: 2601.
Memory consumption went from 100.9 MB to 100.8 MB.
Total: 7.319300 ms (FindLiveObjects: 0.664000 ms CreateObjectMapping: 0.297200 ms MarkObjects: 6.315500 ms  DeleteObjects: 0.039400 ms)

AssetImportParameters requested are different than current active one (requested -> active):
  custom:video-decoder-ogg-theora: a1e56fd34408186e4bbccfd4996cb3dc -> 
  custom:container-muxer-webm: aa71ff27fc2769a1b78a27578f13a17b -> 
  custom:container-demuxer-webm: 4f35f7cbe854078d1ac9338744f61a02 -> 
  custom:video-encoder-webm-vp8: eb34c28f22e8b96e1ab97ce403110664 -> 
  custom:audio-encoder-webm-vorbis: bf7c407c2cedff20999df2af8eb42d56 -> 
  custom:framework-win-MediaFoundation: 216162199b28c13a410421893ffa2e32 -> 
  custom:container-demuxer-ogg: 62fdf1f143b41e24485cea50d1cbac27 -> 
  custom:video-decoder-webm-vp8: 9c59270c3fd7afecdb556c50c9e8de78 -> 
  custom:audio-decoder-ogg-vorbis: bf7c407c2cedff20999df2af8eb42d56 -> 
========================================================================
Received Prepare
Registering precompiled user dll's ...
Registered in 0.010987 seconds.
Begin MonoManager ReloadAssembly
Native extension for WindowsStandalone target not found
Native extension for Android target not found
Refreshing native plugins compatible for Editor in 1.59 ms, found 2 plugins.
Preloading 0 native plugins for Editor in 0.00 ms.
Mono: successfully reloaded assembly
- Completed reload, in  3.432 seconds
Domain Reload Profiling:
	ReloadAssembly (3435ms)
		BeginReloadAssembly (435ms)
			ExecutionOrderSort (0ms)
			DisableScriptedObjects (25ms)
			BackupInstance (0ms)
			ReleaseScriptingObjects (0ms)
			CreateAndSetChildDomain (104ms)
		EndReloadAssembly (2629ms)
			LoadAssemblies (285ms)
			RebuildTransferFunctionScriptingTraits (0ms)
			SetupTypeCache (720ms)
			ReleaseScriptCaches (3ms)
			RebuildScriptCaches (138ms)
			SetupLoadedEditorAssemblies (1334ms)
				LogAssemblyErrors (0ms)
				InitializePlatformSupportModulesInManaged (97ms)
				SetLoadedEditorAssemblies (2ms)
				RefreshPlugins (2ms)
				BeforeProcessingInitializeOnLoad (217ms)
				ProcessInitializeOnLoadAttributes (852ms)
				ProcessInitializeOnLoadMethodAttributes (133ms)
				AfterProcessingInitializeOnLoad (31ms)
				EditorAssembliesLoaded (1ms)
			ExecutionOrderSort2 (0ms)
			AwakeInstancesAfterBackupRestoration (26ms)
Platform modules already initialized, skipping
Refreshing native plugins compatible for Editor in 4.27 ms, found 2 plugins.
Preloading 0 native plugins for Editor in 0.00 ms.
Unloading 1788 Unused Serialized files (Serialized files now loaded: 0)
Unloading 12 unused Assets / (24.6 KB). Loaded Objects now: 2604.
Memory consumption went from 100.9 MB to 100.9 MB.
Total: 7.688900 ms (FindLiveObjects: 0.533800 ms CreateObjectMapping: 0.268800 ms MarkObjects: 6.843600 ms  DeleteObjects: 0.039600 ms)

AssetImportParameters requested are different than current active one (requested -> active):
  custom:video-decoder-ogg-theora: a1e56fd34408186e4bbccfd4996cb3dc -> 
  custom:container-muxer-webm: aa71ff27fc2769a1b78a27578f13a17b -> 
  custom:container-demuxer-webm: 4f35f7cbe854078d1ac9338744f61a02 -> 
  custom:video-encoder-webm-vp8: eb34c28f22e8b96e1ab97ce403110664 -> 
  custom:audio-encoder-webm-vorbis: bf7c407c2cedff20999df2af8eb42d56 -> 
  custom:framework-win-MediaFoundation: 216162199b28c13a410421893ffa2e32 -> 
  custom:container-demuxer-ogg: 62fdf1f143b41e24485cea50d1cbac27 -> 
  custom:video-decoder-webm-vp8: 9c59270c3fd7afecdb556c50c9e8de78 -> 
  custom:audio-decoder-ogg-vorbis: bf7c407c2cedff20999df2af8eb42d56 -> 
